<?xml version="1.0" encoding="UTF-8"?>
<!-- Generated by org.testng.reporters.JUnitXMLReporter -->
<testsuite hostname="Deccansoft-6" ignored="0" name="Login" tests="2" failures="1" timestamp="25 Jan 2017 06:57:03 GMT" time="0.057" errors="0">
  <testcase name="login" time="0.017" classname="Testng_listners.Login">
    <failure type="java.lang.AssertionError" message="expected [b] but found [a]">
      <![CDATA[java.lang.AssertionError: expected [b] but found [a]
	at Testng_listners.Login.login(Login.java:12)
... Removed 31 stack frames]]>
    </failure>
  </testcase> <!-- login -->
  <testcase name="adminlogin" time="0.002" classname="Testng_listners.Login"/>
</testsuite> <!-- Login -->
