<?xml version="1.0" encoding="UTF-8"?>
<!-- Generated by org.testng.reporters.JUnitXMLReporter -->
<testsuite hostname="Deccansoft-6" ignored="0" name="Test" tests="6" failures="0" timestamp="15 Feb 2017 09:07:52 GMT" time="0.128" errors="0">
  <testcase name="Test1" time="0.023" classname="module1.Test"/>
  <testcase name="Test2" time="0.002" classname="module1.Test"/>
  <testcase name="hey" time="0.003" classname="module1.Test1"/>
  <testcase name="hii" time="0.006" classname="module1.Test1"/>
  <testcase name="login" time="0.015" classname="Testng_listners.Login"/>
  <testcase name="adminlogin" time="0.002" classname="Testng_listners.Login"/>
</testsuite> <!-- Test -->
