<?xml version="1.0" encoding="UTF-8"?>
<testng-results skipped="0" failed="0" ignored="0" total="4" passed="4">
  <reporter-output>
  </reporter-output>
  <suite name="Default suite" duration-ms="60" started-at="2017-02-16T10:15:14Z" finished-at="2017-02-16T10:15:14Z">
    <groups>
    </groups>
    <test name="Default test" duration-ms="60" started-at="2017-02-16T10:15:14Z" finished-at="2017-02-16T10:15:14Z">
      <class name="Test5">
        <test-method status="PASS" signature="testA(java.lang.String, java.lang.String)[pri:0, instance:Test5@1933fd1]" name="testA" duration-ms="12" started-at="2017-02-16T15:45:14Z" data-provider="userdetails" finished-at="2017-02-16T15:45:14Z">
          <params>
            <param index="0">
              <value>
                <![CDATA[u1]]>
              </value>
            </param>
            <param index="1">
              <value>
                <![CDATA[p1]]>
              </value>
            </param>
          </params>
          <reporter-output>
          </reporter-output>
        </test-method> <!-- testA -->
        <test-method status="PASS" signature="testA(java.lang.String, java.lang.String)[pri:0, instance:Test5@1933fd1]" name="testA" duration-ms="4" started-at="2017-02-16T15:45:14Z" data-provider="userdetails" finished-at="2017-02-16T15:45:14Z">
          <params>
            <param index="0">
              <value>
                <![CDATA[u2]]>
              </value>
            </param>
            <param index="1">
              <value>
                <![CDATA[p2]]>
              </value>
            </param>
          </params>
          <reporter-output>
          </reporter-output>
        </test-method> <!-- testA -->
        <test-method status="PASS" signature="testB(java.lang.String, java.lang.String, java.lang.String)[pri:0, instance:Test5@1933fd1]" name="testB" duration-ms="0" started-at="2017-02-16T15:45:14Z" data-provider="userdetails" finished-at="2017-02-16T15:45:14Z">
          <params>
            <param index="0">
              <value>
                <![CDATA[u1]]>
              </value>
            </param>
            <param index="1">
              <value>
                <![CDATA[p1]]>
              </value>
            </param>
            <param index="2">
              <value>
                <![CDATA[abc@gmail.com]]>
              </value>
            </param>
          </params>
          <reporter-output>
          </reporter-output>
        </test-method> <!-- testB -->
        <test-method status="PASS" signature="testB(java.lang.String, java.lang.String, java.lang.String)[pri:0, instance:Test5@1933fd1]" name="testB" duration-ms="0" started-at="2017-02-16T15:45:14Z" data-provider="userdetails" finished-at="2017-02-16T15:45:14Z">
          <params>
            <param index="0">
              <value>
                <![CDATA[u2]]>
              </value>
            </param>
            <param index="1">
              <value>
                <![CDATA[p2]]>
              </value>
            </param>
            <param index="2">
              <value>
                <![CDATA[xyz@gmail.com]]>
              </value>
            </param>
          </params>
          <reporter-output>
          </reporter-output>
        </test-method> <!-- testB -->
      </class> <!-- Test5 -->
    </test> <!-- Default test -->
  </suite> <!-- Default suite -->
</testng-results>
